warning: Git tree '/home/kirill/Dotfiles' is dirty
these 11 paths will be fetched (4.45 MiB download, 17.30 MiB unpacked):
  /nix/store/b5wsday0zv2a7jmjwimqbjfhamscr383-libcpuid-0.8.1
  /nix/store/wxm9qds5wayqnfryk3mgqikg0v4gm98l-nix-2.31.3
  /nix/store/y7m2phpvda41km4m4hqg1p08acvqi44r-nix-2.31.3
  /nix/store/0fpyygvvmwgdyck7gl2rn30mhd6qpfx2-nix-cmd-2.31.3
  /nix/store/acsnl92pb1yhsqciazz6bbkbcyjczn96-nix-expr-2.31.3
  /nix/store/aps7lmjy30p7x06gm3h2h4hvv04l4qh4-nix-fetchers-2.31.3
  /nix/store/4vh92xsxdll0n3iqsjjgs3mrch50ws4n-nix-flake-2.31.3
  /nix/store/1gv9jskvy4g04p5jpwxrdq2cwcnji39i-nix-main-2.31.3
  /nix/store/gkxrgg7m5z7sjj7ps5yxjyfcwy5vrv1x-nix-store-2.31.3
  /nix/store/g7vs68im4423rx8pz09z8ay6l4hq29m7-nix-util-2.31.3
  /nix/store/xyy7qp6k5khrl2xj3hcxcljfks4zm5yk-nixos-rebuild-ng-26.05
copying path '/nix/store/b5wsday0zv2a7jmjwimqbjfhamscr383-libcpuid-0.8.1' from 'https://cache.nixos.org'...
copying path '/nix/store/g7vs68im4423rx8pz09z8ay6l4hq29m7-nix-util-2.31.3' from 'https://cache.nixos.org'...
copying path '/nix/store/gkxrgg7m5z7sjj7ps5yxjyfcwy5vrv1x-nix-store-2.31.3' from 'https://cache.nixos.org'...
copying path '/nix/store/1gv9jskvy4g04p5jpwxrdq2cwcnji39i-nix-main-2.31.3' from 'https://cache.nixos.org'...
copying path '/nix/store/aps7lmjy30p7x06gm3h2h4hvv04l4qh4-nix-fetchers-2.31.3' from 'https://cache.nixos.org'...
copying path '/nix/store/acsnl92pb1yhsqciazz6bbkbcyjczn96-nix-expr-2.31.3' from 'https://cache.nixos.org'...
copying path '/nix/store/4vh92xsxdll0n3iqsjjgs3mrch50ws4n-nix-flake-2.31.3' from 'https://cache.nixos.org'...
copying path '/nix/store/0fpyygvvmwgdyck7gl2rn30mhd6qpfx2-nix-cmd-2.31.3' from 'https://cache.nixos.org'...
copying path '/nix/store/y7m2phpvda41km4m4hqg1p08acvqi44r-nix-2.31.3' from 'https://cache.nixos.org'...
copying path '/nix/store/wxm9qds5wayqnfryk3mgqikg0v4gm98l-nix-2.31.3' from 'https://cache.nixos.org'...
copying path '/nix/store/xyy7qp6k5khrl2xj3hcxcljfks4zm5yk-nixos-rebuild-ng-26.05' from 'https://cache.nixos.org'...
building the system configuration...
warning: Git tree '/home/kirill/Dotfiles' is dirty
copying path '/nix/store/ih9vmk2a3mrk6vhmibqzji6kjc6parzp-source' from 'https://cache.nixos.org'...
building '/nix/store/0hw4pjgllhrmm6qc10ycji3czd130ir9-catppuccin-install-hook.drv'...
building '/nix/store/9isxxa8k6gp6j9w195wr5ykfj1hzv4kg-catppuccin-palette-0.drv'...
unpacking 'https://releases.nixos.org/nixpkgs/nixpkgs-26.05pre942631.fef9403a3e4d/nixexprs.tar.xz' into the Git cache...
these 142 derivations will be built:
  /nix/store/01n3z7gmhs2b9apsxcl26w5z6728c2ap-uucode.drv
  /nix/store/mjvy7wgx4rvg8zassag251kxi4x3iwkj-uname.drv
  /nix/store/4zhpknqh4wzw8ag9gikd2m9jhn3avmyy-nvidia-x11-590.48.01-6.18.9.drv
  /nix/store/15w8r01ly5yynvxk1h4541rva9ich57l-nvidia-settings-590.48.01.drv
  /nix/store/2s0m0ly24xrh552vyq857h1ywslwywgh-mpv-with-scripts-0.41.0.drv
  /nix/store/sfyp8pk3wp5hwy0irgdhyh4swyj1qgj5-zoom-6.7.2.6498-fhsenv-profile.drv
  /nix/store/90aflllljpsdlqvg4j93j4rakdpvi8nv-zoom-6.7.2.6498-fhsenv-rootfs.drv
  /nix/store/m9v5xm23w73hi084dqxbfixsy7pm5kiz-zoom-6.7.2.6498-bwrap.drv
  /nix/store/3d853fga0vz58l7hk5jg84knac4gfdjh-zoom-6.7.2.6498.drv
  /nix/store/9na8hj4xiy3w8dsd8w6q986xavhvj5xx-obsidian-1.11.5.tar.gz.drv
  /nix/store/4hyv3j1lvvwks2wglc9fcjh5ws6wkkqg-obsidian-1.11.5.drv
  /nix/store/7idavjqf340nlvm4nlpmvcy26fp6wf0i-Antigravity.tar.gz.drv
  /nix/store/4pyxnss6mfgwh4qzys265p9wkbpyvawx-antigravity-1.15.8.drv
  /nix/store/g1zyk1r7mh2vqw8gg61gqs3fj62m846w-VSCode_1.109.0_linux-x64.tar.gz.drv
  /nix/store/55y4853nlvrw7rczgz4ap1iw8xakj9hg-vscode-1.109.0.drv
  /nix/store/3icy6vnkazqxy6lgdnmag56g4m794571-google-chrome-stable_144.0.7559.132-1_amd64.deb.drv
  /nix/store/57l4mylxv41qzai0zcyxiszikn9lrrw1-google-chrome-144.0.7559.132.drv
  /nix/store/rdy22byk5awvf3r36095b4hbibx5dns7-nixos-help.drv
  /nix/store/9l9dc443q0hg5iw51b5zfxp7w3ax8wwv-nixos-help.drv
  /nix/store/a2agncd7icqgb243cm7d3yfz3j4i60sz-nixos-version.drv
  /nix/store/mzhrywpz602cpvswyz8qicg21hfv4asv-nixos-install.drv
  /nix/store/1wzbikx27bhairj3lq97wn0b7568ckcf-source.drv
  /nix/store/ngj937a1vv85g5nyjani8vmbdrrqbhij-1password-cli-2.33.0-beta.01.drv
  /nix/store/0fm65z647jzm2wzjmrrhwxmapm10qffx-wayland_protocols.drv
  /nix/store/1jbhlnk24ap9ln82n0p08ajkrq84ds4z-z2d.drv
  /nix/store/41s8kg6a0p0a6fgshk7sm32xf85jc9i3-glslang.drv
  /nix/store/47k0m6glv2yrjnjnz1n58j6zjnxb753f-oniguruma.drv
  /nix/store/5bx4ld2x74mwnzxjkzaran8a6s591gyw-fontconfig.drv
  /nix/store/689g58hyn45fpq5mvn9wq6nrfs41a9hx-plasma_wayland_protocols.drv
  /nix/store/7yj9kcafz9gvb9myqy8kcqjz6n1jscyk-harfbuzz.drv
  /nix/store/8z5b8m2646jj4awcrnlkyy38yqjwnm5m-zlib.drv
  /nix/store/agwvym1qfg4hp4s51f14qxyl2iz9bl5k-highway.drv
  /nix/store/jdlfiqhmwmyrdy773d5lnnwypr0q5rm2-ghostty-themes-release-20260126-150817-02c580d.tgz.drv
  /nix/store/avsnzl8blb6pszj1wlabqinafcc5vy88-iterm2_themes.drv
  /nix/store/bcbbkimryvv1dy5zbqj1k57jy0jinypg-zigimg.drv
  /nix/store/divnr213s79d0pi1jqakhq53g64jcv99-zf.drv
  /nix/store/fhpdx57lplq0falh59pl8vshvp61ydl5-wayland.drv
  /nix/store/fv2bsb9zi0fqf9ykviri9fbgarb71h22-gobject.drv
  /nix/store/fwdv821bry0pzbk4pp8c9f3hiqrf70nb-zig_objc.drv
  /nix/store/fzvqyz1yrcxycn4x9mzir0kh60f8pvxa-gtk4_layer_shell.drv
  /nix/store/g4cvsjk36ijlb6h9mi2zyfln5ldxxyri-freetype.drv
  /nix/store/g74g73wb6sk8qgndhva86lv1jnm7xj30-wuffs.drv
  /nix/store/gmi688c568hpks09708pfilkvp9fxmji-sentry.drv
  /nix/store/hg5d9j0vkgqzl8frkgx1qp7nfc1rx3fv-gettext.drv
  /nix/store/iiix6y8n95693k2ykikwynr070zcqpkn-nerd_fonts_symbols_only.drv
  /nix/store/jd6q83bfjhav1c332vf44k2nmm2bh8jd-utfcpp.drv
  /nix/store/k4cyqmkl9bmphkyq7g175602r6wnga9p-bindings.drv
  /nix/store/lz5qb7sgf0n6903s2s058q6bycaxddr7-zig_js.drv
  /nix/store/m3wrvyl3kziwdcgbpcyg3pwlxpf985p3-spirv_cross.drv
  /nix/store/pg63rpqqyw5nq8prw5d3vrcbsqc8z0ig-jetbrains_mono.drv
  /nix/store/r3wjjqs8scv0psm4wnbvx9a3z8ffj8gd-pixels.drv
  /nix/store/vm9144f7z94rw3pg6kcg6k9b9491nfbs-vaxis.drv
  /nix/store/vvjk46rrw8fb37670j885yib5r6a6zc9-libxml2.drv
  /nix/store/wg968v87dl2fqylcy5qhkzp6ynkip6mw-imgui.drv
  /nix/store/wic9853y5nj4v5py1y6l0r0h4c0b12wv-zig_wayland.drv
  /nix/store/ww3sihaxmk7jqqnn53x43xixsf9slryi-libxev.drv
  /nix/store/xgfvm4w9dxw97vnmbns6x8fb52cxfmqj-libpng.drv
  /nix/store/zf546kn44n78pp79x8yfswqi1zpavajq-breakpad.drv
  /nix/store/i0irk35m982sgdy6xha1x9yhhk1hil5y-ghostty-cache-1.3.0-dev.drv
  /nix/store/nwb41944h3ks05qlx25b2jr6a4l16q5r-ghostty-1.3.0-dev.drv
  /nix/store/3y831sil1c4z1rinlx9ja8npcnf8lb05-ticktick-8.0.0-amd64.deb.drv
  /nix/store/r53yzghspzchwps9nh9lwwn3rkq8787r-ticktick-8.0.0.drv
  /nix/store/v71rq41gd3q5dj06a4skgwyhjr1yj9kv-thunderbird-147.0.1.drv
  /nix/store/wx6qf8qq0j1pv26qjbgzwjaxv4gzr9gn-nixos-generate-config.drv
  /nix/store/fx03vq9vnbcy3r36zvarai67bxkx6lzb-onlyoffice-desktopeditors-9.1.0-bwrap.drv
  /nix/store/zfpx2r89f9c5jhysacic2h4g6jihyx3v-onlyoffice-desktopeditors-9.1.0.drv
  /nix/store/dvafp0kixrwpwcshvm57pp6dwgv32wi8-system-path.drv
  /nix/store/06ks0fsk1jkyqy7pv2392vqzaw9prqk6-X-Restart-Triggers-polkit.drv
  /nix/store/07lh44l9cyhw9lqqpvjarv44xlv2gajf-unit-systemd-fsck-.service.drv
  /nix/store/3w4510j1g34fygqy8whd2slcndx14wr5-unit-script-vscode-remote-workaround-start.drv
  /nix/store/102b8i4k3wwbqcd2b5plmpqadg53jmcd-unit-vscode-remote-workaround.service.drv
  /nix/store/143skf9457hycplpmnqkj870hqnwj1b9-unit-systemd-makefs-.service.drv
  /nix/store/rk845r7xcn9r2n9cl0hd92vbfa7615v2-udev-rules.drv
  /nix/store/dqbd5qjphjli92k049bsaw5f1wag7gcq-X-Restart-Triggers-systemd-udevd.drv
  /nix/store/1bshz2kjy4il5lyskkndmgf7qprf5xyv-unit-systemd-udevd.service.drv
  /nix/store/1mqsir9zvwycj1lr3liz5v49akbaz9iq-desktops.drv
  /nix/store/vl956dbx3n9vq9i1952j1sg4s7zdlzm1-set-environment.drv
  /nix/store/1d9m4wijm41mh52n85svhm0jz2pqiby5-etc-profile.drv
  /nix/store/20bhn1g1lfd025aij5j2nny3qndxcz1c-unit-polkit.service.drv
  /nix/store/2gwhxp061fxgd2jvdk5rx8vabdky954q-unit-getty.target.drv
  /nix/store/37xff6y8qj10dkqxw0j1ll5m94f2d055-issue.drv
  /nix/store/amvhnlc3malq37sqnr63f4yqf7ikrn9d-nix.conf.drv
  /nix/store/3sfmb819rj8g7naflv5wxqml603zqvd1-X-Restart-Triggers-nix-daemon.drv
  /nix/store/4114ncv680r3x6z74bssfv1j8dzfnqrg-etc-nix-registry.json.drv
  /nix/store/4bi4zrclm478ar0k8wlqm7cbbybhbv5q-unit-nix-optimise.service.drv
  /nix/store/595kw43qsxilws7mdshq7wka08r8chgq-unit-docker.service.drv
  /nix/store/ari9aanxwimlfd6pgli07ivx48j2qvsi-security-wrapper-op-x86_64-unknown-linux-musl.drv
  /nix/store/6jdd3nxyby3ya4gpwn6gjy9f17cjajyx-unit-script-suid-sgid-wrappers-start.drv
  /nix/store/cjvx6bzcjr396yf2g2ypv31218bf6fkh-etc-os-release.drv
  /nix/store/7fjfvky2djb2my7ybi7xzkynvjqnn7yi-shutdown-ramfs-contents.json.drv
  /nix/store/i71l61abzx4gdj2zhr61y68fscv378n0-font-dirs.drv
  /nix/store/ijy7hw51dgj64lmkrwn44yy3h44bxd83-fc-cache.drv
  /nix/store/v0d1ph8477xnyngvkmwnrxk8fvz0mr4y-fc-00-nixos-cache.conf.drv
  /nix/store/7ynbh2jvdffy965mw9sjc5bg0cnakma9-fontconfig-conf.drv
  /nix/store/rsgpsc1zpcf62rar3vrr80vx8yzciiv2-unit-script-nix-gc-start.drv
  /nix/store/84c6p1yrmlnr7j3kr0y246w8471kvbc7-unit-nix-gc.service.drv
  /nix/store/8msnac7z8cpvvgnn9ir9mx2d4avx4xis-dbus-1.drv
  /nix/store/rk7kahqmq96sk4j5v1d2irkg5h159vws-catppuccin-grub-0.drv
  /nix/store/npfvc976lpl7rnybp287999jkgpmsxq8-grub-config.xml.drv
  /nix/store/8z1fs4mn5maapg3mz2cpy37bds2crf3d-install-grub.sh.drv
  /nix/store/9qwkz7bsnzjw1yc9kngnnybyi0wzbbnr-etc-zshenv.drv
  /nix/store/g6kl0hgjfp45m3ynawzxwjrm5yq3cw3h-graphics-drivers.drv
  /nix/store/djknn9kmcamzjbw6wccnw16jvnz1r679-graphics-driver.conf.drv
  /nix/store/9wrvxvn4y7ngagn09kvnhgk3pz2665yw-tmpfiles.d.drv
  /nix/store/9zsiadlyjsjaay1n8dpmv4vkwj0i1iaq-ensure-all-wrappers-paths-exist.drv
  /nix/store/as3bwgcm9vip96hc6rjps5hvpvv93nrv-unit-accounts-daemon.service.drv
  /nix/store/dpxj3sjzc5w2nl924j4d101kc8g46vy0-nvidia-cdi-generator.drv
  /nix/store/b7m4d56ppzhn4dsphgdkd2abgy1jy99r-unit-nvidia-container-toolkit-cdi-generator.service.drv
  /nix/store/bbgdcnwqgrpsi836mqs1h48zhx5aqbk5-unit-cosmic-greeter-daemon.service.drv
  /nix/store/d9rzajl7gcr0cjms211p6j2ap3xgvac4-firmware.drv
  /nix/store/p5n3nmin1znkpqzs2mlk4yb13h5gd6im-X-Restart-Triggers-dbus.drv
  /nix/store/f4rpl0n7f227d75xa0caz8h7qzxi2d4x-unit-dbus.service.drv
  /nix/store/fg0bh87rx26p1x7zs4smpwffai18d1a2-etc-systemd-system.conf.drv
  /nix/store/fr14857szf1fsya9pn9ikf7np3fn9ljc-unit-suid-sgid-wrappers.service.drv
  /nix/store/fyqyzlkqb9i6ij1ndjf79nf23g8m7l2s-system-generators.drv
  /nix/store/g7ljy294g671zp59pls19m90s56dqjwg-unit-docker-prune.service.drv
  /nix/store/gb8pkmplfdlwqa9xy37lzc7qdl4fj012-system-shutdown.drv
  /nix/store/hz0j40p3n49i12w7rlbs2igs2k6xwwpr-unit-greetd.service.drv
  /nix/store/isf3cm8pa5rp68vy020mqpisliq50jhq-linux-6.18.9-modules.drv
  /nix/store/j4hh5qcx1v1hp6llwb4z4dyw00vr2i0d-check-sshd-config.drv
  /nix/store/l7iciqp5pg7sdyc5f9vxgjp9bq7vynri-user-generators.drv
  /nix/store/x3im7s03skr4zzpp4r14rr9qjr63alls-X-Restart-Triggers-systemd-tmpfiles-resetup.drv
  /nix/store/ibs98d5ii83axhsj7fzvixnqnmj1pxdc-unit-systemd-tmpfiles-resetup.service.drv
  /nix/store/iqlcys0d1yslyfjxw3gpfk4gjbppqvn3-unit-wpa_supplicant.service.drv
  /nix/store/j6px76hhfvi63h4ib58imvblr5mpds6h-unit-nix-daemon.service.drv
  /nix/store/l7i0vlk29312cfd1d8xg54y53qz83rd1-unit-generate-shutdown-ramfs.service.drv
  /nix/store/l9w86qms4464gpsgizszf063239c00mr-system-units.drv
  /nix/store/lbwd3if7y40j92dwzrkwcybrj7w517gk-etc-modprobe.d-firmware.conf.drv
  /nix/store/n3cfz2dlqc36bq1l88vzapx0hplv2va3-dconf-system-config.drv
  /nix/store/ssah9my7x0dbqx6794rj5jndk7nzhqrl-etc-pam-environment.drv
  /nix/store/l168a552i6dw0mzak9adymir11fkwkma-unit-dbus.service.drv
  /nix/store/v12j7z99jmsxcpx5ykga2z638j632y9g-user-units.drv
  /nix/store/v5yqsw5gda28viqpamff5hsajanzvpgd-hwdb.bin.drv
  /nix/store/w96ic4byr3r7kwbfsdm0nixjqjfmkw3f-fontconfig-etc.drv
  /nix/store/xif3j1l27a06v1p8g77mz2bhhb8yc82p-etc.drv
  /nix/store/kmszn121s574pj5nbqps18b6sl58hida-activate.drv
  /nix/store/ny5na3n2niljw8iznqmidrjacpdw06ck-linux-6.18.9-modules-shrunk.drv
  /nix/store/xy0sqd6lhy29c9ynczwjjkz1q4j4s9gm-stage-1-init.sh.drv
  /nix/store/v4qfyaj35np30mwgg9mja711akzj8m0a-closure-info.drv
  /nix/store/ni8nyjqhqlbdzyfcz291qd7zgq65mpnh-initrd-linux-6.18.9.drv
  /nix/store/yl6bg0pj0blb0lg2igi494cs49155j5g-boot.json.drv
  /nix/store/ibgdhnv0aikk9hj8fcn08w872nna5mh9-nixos-system-lighthouse-26.05.20260208.d6c7193.drv
these 192 paths will be fetched (2201.42 MiB download, 7362.68 MiB unpacked):
  /nix/store/qkqn7l2l1pp7p5xbbmn2lgy8bs413za9-adw-gtk3-6.4
  /nix/store/y93s832pwq3y9qjxs1wsl676cxgr9scc-alsa-firmware-1.2.4-zstd
  /nix/store/nmg231nvazf42pkzqzsy603bkws3sqsl-asar-3.2.4
  /nix/store/f1k9ii7pgbcny6l9w9jj203wavcjvlay-audacity-3.7.7
  /nix/store/4y8wlsgph9z5cvkx94zbn7524qkqy6an-bind-9.20.18-host
  /nix/store/xsfixrqggs0581n6jl7rd7lwbanv40il-bind-9.20.18-lib
  /nix/store/wrnarn0nfa1x5k2z704lqpc6n0bgg5zl-bind-9.20.18-man
  /nix/store/9jjn7p9m0ip8mbcbcz8cdarjrhmbcmcf-blueprint-compiler-0.18.0
  /nix/store/yb4y9c0nzj6h2bvsawncnk8hfixcvr5j-cosmic-applets-1.0.5
  /nix/store/5kqc90vl8j58c94wra1av1g0rn45cmbr-cosmic-applibrary-1.0.5
  /nix/store/g2zncn2yxb9fa3fkw5jid8hgxc8n0djc-cosmic-bg-1.0.5
  /nix/store/ljy2pdqybr9ri68rsvsrnvqy7m7j7kv4-cosmic-comp-1.0.5
  /nix/store/4l1qf0s7jwyrq8clmppz8if2b1nlwn6p-cosmic-edit-1.0.5
  /nix/store/q8r9s6bxqk36d2k91hkj33xy6jma0axj-cosmic-fallback-themes
  /nix/store/bvxz07cwgf0bf4n70165lh9zsprb7mkf-cosmic-files-1.0.5
  /nix/store/dmfqbxjkzw089fxs70zsjsbk4jbnfnm0-cosmic-greeter-1.0.5
  /nix/store/6k35a739bgarmyis1adyssxl1cqkf2xg-cosmic-icons-1.0.5
  /nix/store/3lxmvb4wdc8n2gsqjp7k2dia5ynkrg31-cosmic-idle-1.0.5
  /nix/store/ny1k0rwbml78i2na0nqb1s9awys24mb9-cosmic-initial-setup-1.0.5
  /nix/store/1k7zpjk8s0vqlf5ldsnisj5pv8l0c41d-cosmic-launcher-1.0.5
  /nix/store/dp0ya8xnsv5cvfpn7lw5nyb9z9w3f5i5-cosmic-notifications-1.0.5
  /nix/store/ydqg15ijqpjq2cvh9qga76f2s1waarjj-cosmic-osd-1.0.5
  /nix/store/8bc7lvi096kmkxvfdv4wdxvv19p2arpq-cosmic-panel-1.0.5
  /nix/store/kqfhffkg5h2l3gwvb7lh3ff4z571n5nx-cosmic-player-1.0.5
  /nix/store/0brvamshakdsm5ddcz6giw72z1fy69vh-cosmic-randr-1.0.5
  /nix/store/3h1nzsjanxxjjyzh355zlwxzzmgdjpc3-cosmic-reader-0-unstable-2026-01-31
  /nix/store/6nbggzy700jivlw2x5s4lhjfhp09fx94-cosmic-screenshot-1.0.5
  /nix/store/ag8dqxb34isiik2zz84wk0gnj4lvhg2y-cosmic-session-1.0.5
  /nix/store/8rz7zzg0rfjbp69pbbalh2iwv9894717-cosmic-settings-1.0.5
  /nix/store/87bfjvlbpmvnaxfgdbqbxn2b6z2acqx5-cosmic-settings-daemon-1.0.5
  /nix/store/7irgxn8w1bz8dwvgy7zqwf1b34d8r4lh-cosmic-term-1.0.5
  /nix/store/99xhn8mdjgvd8z28znwkp9ln8ry7pyfr-cosmic-wallpapers-1.0.5
  /nix/store/j2d43b6v8cngv32gldic2c413s4lfb51-cosmic-workspaces-epoch-1.0.5
  /nix/store/0migcsxiy3v0alpgk8c527mpzzkphbyd-curl-impersonate-1.4.2
  /nix/store/ly19xh571fbymi2p9ccn26vn14bz24rs-ddcutil-2.2.5
  /nix/store/rlkw1xw9b6yqlknznrn7wfmcjh995i14-deno-2.6.6
  /nix/store/s3hq9ns1a92mz5x0l4f0w56hwj8rblpx-dhcpcd-10.3.0
  /nix/store/rc8a4y41zhlv7zv5nimnqpcayhhcj7fd-dnsmasq-2.92
  /nix/store/ddqycgcsyjgyplyxh8cshj0gbanwq9zj-docker-29.2.0
  /nix/store/zwpr5mb0cva6fhnmzsb010v8fg5aamzb-docker-buildx-0.31.1
  /nix/store/hlyl6x6qqs05ap58iqx940z5dlx9l354-docker-containerd-29.2.0
  /nix/store/wx6gxghpbmk05kxffxdvhzmnsrhc241f-docker-runc-29.2.0
  /nix/store/czmy5krfxczz3znaqpg453g9gqjqa5jc-docker-tini-29.2.0
  /nix/store/mlr109hl96hy48wi1jq2dypwv557jpcw-dosfstools-4.2
  /nix/store/rzsp0kirhs5r766wzmyhdy5qv0924yjm-dosfstools-4.2-doc
  /nix/store/cdpfcr5gvvn8hv68874qrsv96r9wnnq9-dosfstools-4.2-man
  /nix/store/2z49xd7b993h6qx71y335zr0s3l5klrp-electron-38.8.0
  /nix/store/saby2yyalakr4q1idq64hmw5xhrbhqg1-electron-unwrapped-38.8.0
  /nix/store/iyngbbssdv4pzxnwvm1gl85j5dv4s8ac-espeak-ng-1.52.0.1-unstable-2025-09-09
  /nix/store/hj10rv2ccs1qwrnfyafh418n34l4bnf5-exfat-1.4.0
  /nix/store/7pib8cblc1nc8cxijgfx70vblfmqkb91-f2fs-tools-1.16.0
  /nix/store/wp5620c47prs2xy0zqzhp8aprpx5n760-f2fs-tools-1.16.0-lib
  /nix/store/alrjf1gwhzivr7rspfpjkaxk0rx0zxw0-fastfetch-2.58.0
  /nix/store/warfb3slacc858l1xk8qa53mbc9qb6g9-fastfetch-2.58.0-man
  /nix/store/m0xjwd9kac2a0lf4f406h68dsr4x60x9-ffmpeg-full-8.0.1-bin
  /nix/store/nab26j9lsyfkkaplr17w0j9s7w9702vc-ffmpeg-full-8.0.1-data
  /nix/store/1hh68amc13jg85zan5h4m3m2g5a038x6-ffmpeg-full-8.0.1-doc
  /nix/store/nnybklyvnbr4904100nbjmv4rcxcas4j-ffmpeg-full-8.0.1-lib
  /nix/store/cpw2j29zmh47a6pzmd8ybkirsldjsfyf-ffmpeg-full-8.0.1-man
  /nix/store/w986cmmrz5cb55fvkkfq67fjf4azlybi-flatpak-1.16.2
  /nix/store/q7w2ccm8xzv6j0fy4yivn50bh3gx95ic-frei0r-plugins-2.5.1
  /nix/store/fn0ib8l2r0pq5bbscq80v8nwpg581vxd-fuse-overlayfs-1.16
  /nix/store/m3l9x15clwv6xz9wz36mnkq3crvsp3zp-glibc-locales-2.42-47
  /nix/store/firsys79i6fd3bvxygn68fw054l0rzi6-glslang-16.1.0-bin
  /nix/store/0l7avprwmsdrhcf820aqhl0fia8vhr04-glslang-16.1.0-dev
  /nix/store/z3ln8mc8kk1jwjfs03paicvkn4dqfqk6-gnome-online-accounts-3.56.3
  /nix/store/fjjin901y6pbrblk5xn3k4jzm88ii1xj-gnome-settings-daemon-49.1-gsettings-schemas
  /nix/store/qwv6qv1jpi9xhq2py8aqgfdzrc9r03ny-gpm-unstable-2020-06-17
  /nix/store/zw0vgm37asflf5h4hjjgzxh4bh9pvxdx-greetd.toml
  /nix/store/9p9284fss90pqdihapcc90cwbambw7pa-gst-plugins-base-1.26.5-dev
  /nix/store/gi8lzxpif7mpv8z42rl2ahjmk3lx6xkn-gst-plugins-good-1.26.5-dev
  /nix/store/f6b08p1wlc55yp862j0n77ybl0g57dfn-gstreamer-1.26.5-dev
  /nix/store/bxdpj50fj34hy7s7vi542cm20b65p1db-gtk4-layer-shell-1.3.0
  /nix/store/d2gyb564hlzwrabzkhlrl10s9xm6ry48-gtk4-layer-shell-1.3.0-dev
  /nix/store/vmqp81fwjvi2hgr0n31a14hki1jrn8f9-gvfs-1.58.1
  /nix/store/xvkfhgvm1zp335a9nik1f1rbh2666ywc-gvfs-1.58.1
  /nix/store/2j6m6073bp19g7jcwd02ffjqdwm1pc45-inih-62
  /nix/store/q0pd5g17284m8w3p8bpqmbf99635kl6l-intel2200BGFirmware-3.1-zstd
  /nix/store/waqqm8p6zcj48cv53n7q2b4970pg7b8p-iputils-20250605
  /nix/store/6s21067xscf48ib055bj1ks05sfvr3qb-iputils-20250605-man
  /nix/store/gyr5yqlar7yl25zlhpk53iqfh2z0s377-jetbrains-mono-2.304
  /nix/store/kg6xhzh36vm7slm19hxd5cgjspyjhhrc-kio-6.22.0
  /nix/store/msclaibiqsw1y11ycm5sydrivzm72a90-kitty-0.45.0
  /nix/store/f4h4gwgxdynlgjsnxj480mwsnpjdhykn-kitty-0.45.0-terminfo
  /nix/store/b9jjxm5pasa3s4x79mhqw0z8k8yi0k3d-kwallet-6.22.0
  /nix/store/fasihsi14x3vrlaw9vmy656m6203hlwb-libadwaita-1.8.3-dev
  /nix/store/yrrdb215dfafb98pj53rl0g497cvivkq-libatasmart-0.19
  /nix/store/bngkdl7diylr96yy7c02nr74dq9hvv7a-libblockdev-3.4.0
  /nix/store/8ycxg6c5gqagr29n54cfq84rlm55cq0r-libdatachannel-0.24.1
  /nix/store/amilkywzq5vc1da1kg0zispzwxag2x00-libei-1.5.0
  /nix/store/l0ibw4jn44kb4pm14m96zxvh81904dyi-libinput-1.29.2
  /nix/store/jdm55bqj4hgj1g4091fsn6rsfdi9bg4f-libmsgraph-0.3.4
  /nix/store/z1m22r489ahmsivmhnrdg9wj5sq0w3vl-libnma-1.10.6
  /nix/store/3w3r1wn21g2gkzrqzpbgmjnk2np5cgah-libnvme-1.16.1
  /nix/store/4bwn217x0qqvyj38b7d17rq3z9p2kp0g-libreelec-dvb-firmware-1.5.0-zstd
  /nix/store/cc13wyz7fr3p07cggh5lmmg131x6a2b0-libreoffice-25.2.6.2
  /nix/store/as1mj76x2nnmfbkc12y43sivmvibv1b5-libreoffice-25.2.6.2-wrapped
  /nix/store/khpx8viywsbrljp5gl371x1kjyznilff-libreoffice-kde-dependencies-25.2.6.2
  /nix/store/vx0k9hr0557c8fwn85qhfqihzml1rrl0-libvlc-3.0.23-2
  /nix/store/m41vhp2nhkg1i8vgvnrm8kfxd6vgqskw-libwacom-2.18.0
  /nix/store/kj5vpn3ixp75c5aasni55r0pi0hwicjm-lief-0.17.0
  /nix/store/wj7hn29sbnbn3h9jd896ffsyq38f3as3-linux-6.18.9
  /nix/store/jm34qr4na8nfdl05dy1alagf9q7mk5kd-linux-6.18.9-dev
  /nix/store/hxk9q3hr65x9n03p7ni0nijgb45sj1g4-linux-6.18.9-modules
  /nix/store/yhcbqk5ai4wzmifl8qzrxfla9v6cbc9h-linux-firmware-20260110-zstd
  /nix/store/iy1z856vk4np905gfvi0rfxng5v1khmn-llvm-20.1.8-lib
  /nix/store/ww89ahj11zzl3dydj44sj5pzgv37jvgb-make-initrd-ng-0.1.0
  /nix/store/bra0cqfa6hr7qgpvib50lpmqz066v2nk-mdadm-4.4
  /nix/store/wy8xvqjn24y2hhwp5j483hjdbb869nkf-mesa-25.3.5
  /nix/store/jqqfwq155z39lz3ncvnssb2ykjrr066d-micro-2.0.15
  /nix/store/cj83z9xkllg9vpf6w92789mvl0mndqq3-micro-2.0.15-man
  /nix/store/i6v7ncr4xrkiyzanq77psidq8wr1zl4n-moby-29.2.0
  /nix/store/5p2lg9v22q4qvgvnzmlyywin0ljdmda4-mtools-4.0.49
  /nix/store/61n8np8n85zdhs2fkbmdg5wrpada97a3-mtools-4.0.49-info
  /nix/store/8x5vvki5y3rnn0ww1kf5spmc7cgqkv2x-mtools-4.0.49-man
  /nix/store/vi5q7p4sdbxllzcxla7jw54jk5zj7l44-network-manager-applet-1.36.0
  /nix/store/dakriapyf9n95fa6ac2smbpc6i5m7y46-network-manager-applet-1.36.0-man
  /nix/store/dhs3gy50nkpapa1px9skf35vbaphxbcp-networkmanager-1.54.3
  /nix/store/80bn913s9f7lngyvpid4078v5ggc7bfs-networkmanager-1.54.3-doc
  /nix/store/xwf2p1nxvrba09snrq4crdg7jm8yb163-networkmanager-1.54.3-man
  /nix/store/2c03mjyz9fjnjr49xyzcb42mllf759qj-nftables-1.1.6
  /nix/store/hbd3ykm866gx3iqq2b9b8p3n1vhqjzsn-nilfs-utils-2.2.12
  /nix/store/64dgnadlpiw1dbqigpnv1icp7shb8c18-nix-2.31.3-doc
  /nix/store/jbbrd9aimadwv8cladqikihf9lb9dl2y-nix-2.31.3-man
  /nix/store/zpmjj06r4k9qxnarxn5pdgmix755kmcg-nix-manual-2.31.3
  /nix/store/s0gv5sm2niyny0z3mjgg086kbqs3bhq0-nix-manual-2.31.3-man
  /nix/store/psdfs2b0k9axx9g6xpgyqcznqvsd96ia-nixos-configuration-reference-manpage
  /nix/store/sm3qlvf4xh2vb0ylsrnmisa6sd4j3n7z-nixos-manual-html
  /nix/store/ixqs1yh5gdlv79m81zpn39darylq6yb0-nixos-option
  /nix/store/x7mahrb2pll9cnzr495i0bvm3ga2n5a8-nodejs-25.6.0
  /nix/store/adsn0nyh9lqlc8gpfa8vns8nch0m20vf-noto-fonts-2026.02.01
  /nix/store/7cj8f0dxxqdj5jpjzzw1lkj6gn4rbw44-nvidia-container-toolkit-1.18.2
  /nix/store/j7dgrckmsv14cm2qclb1db8sxv9h4kcf-nvidia-container-toolkit-1.18.2-tools
  /nix/store/h8rpklzqr8qyihgysqkqgigbxdh5w7di-nvidia-vaapi-driver-0.0.15
  /nix/store/9yawzw0ih3nf5nsisbzypk0mh513dr1w-obs-studio-32.0.4
  /nix/store/4nfafwzryn2zjrxfwqw92wikr12zdcr6-oniguruma-6.9.10
  /nix/store/lj33h5zd88v09kf5f9drb7wygd732bnk-oniguruma-6.9.10-dev
  /nix/store/8lzhfhsgp6i6yl024b60jwg0fml93pxg-onlyoffice-desktopeditors-9.1.0-fhsenv-profile
  /nix/store/qln9gml169c4dxixm1d5pxkw0g1km46x-onlyoffice-desktopeditors-9.1.0-fhsenv-rootfs
  /nix/store/2shc6mar9wz6nkv8wd1jc1izxgvyf3sb-opencv-4.13.0
  /nix/store/f9j30snhr4793vhzx7kzyld0c55i22ak-ostree-2025.7
  /nix/store/v2fwaavi61350ksik3g4k8l161jgsyan-pandoc-3.7.0.2-data
  /nix/store/bcw1ns9fhw1mfvkp6mm4hxkxl57gn4pc-pandoc-cli-3.7.0.2
  /nix/store/8hysxlvngjz00yclka81hiqjmmrvyi2i-parted-3.6
  /nix/store/628a3wjk7xcm5j5xkva32w5yrmzhkirx-pop-gtk-theme-2021-08-19
  /nix/store/v3vazwq58312izpw88pqp4h2pn2sjbx6-portmidi-2.0.8
  /nix/store/llgca56wjffwhciw5f2a9ffqljx0l727-power-profiles-daemon-0.30
  /nix/store/31c3dzrrw51ax36iagwhp4n7ldl45rw6-python3.13-curl-cffi-0.14.0
  /nix/store/xksfbgrzmd63irsparv3iy3m6j7hmx7p-python3.13-yt-dlp-ejs-0.4.0
  /nix/store/kka72is22r657fhqzayygg1hs68cwks9-rt5677-firmware-4.16-10-zstd
  /nix/store/2k99wi28z965204fcg797gvzmn5d85f6-rtl8192su-firmware-0-unstable-2016-10-05-zstd
  /nix/store/25wdnncv7wariv3izskjri3pbxsnf20p-rtl8761b-firmware-rtk1395-zstd
  /nix/store/4xrkj4vfybpz78d435i39vni4brc6c9s-samba-4.22.7
  /nix/store/447ijphfsa10mb1w8afkj1k1n14y5lra-slirp4netns-1.3.3
  /nix/store/80k0cp23d0ql5xfzgasjdrm0dzwm29ja-sof-firmware-2025.05.1-zstd
  /nix/store/47h9rpyfxpaypzqrvsj0s6j7h9kdydy7-speech-dispatcher-0.12.1
  /nix/store/508mbjmcfj05kmwnm9f3q8sr5k8vcd71-spirv-cross-1.4.335.0
  /nix/store/gb8pa55w7dxgyi1arwq6fi0f21c8srhp-spirv-headers-1.4.335.0
  /nix/store/isf2a3v7s5cyyb9vmaa5gaz9paaxam1b-spirv-tools-1.4.335.0
  /nix/store/agp7zxys3l9mhxak51rgyccwyq45a746-tailscale-1.94.1
  /nix/store/mrv5117nz8sl1ld30za6xzp9yn2jwzdp-talloc-2.4.3
  /nix/store/jpvrqxn8swnqpgysqjxbrzggzjbdd1jj-tdb-1.4.15
  /nix/store/sx1lc3kpq6rid9hi700z2dhd0yxqdr8b-tevent-0.17.1
  /nix/store/2smwywzcgq11nrss89adj594sx9vfjbh-thin-provisioning-tools-1.3.1
  /nix/store/h47kv5kd1sngmqac3yi7nas2cpx7r97j-thunderbird-unwrapped-147.0.1
  /nix/store/mzq8x6g0m1s3fha79k3nwk8dq908v2yn-time-1.9
  /nix/store/3lrx2qv5kzycjypxaq6c8zk5z6k6j0g8-time-1.9-info
  /nix/store/77sar74kxvv1w0vjb6ckcyy6b1yfgaab-uavs3d-1.1-unstable-2025-12-13
  /nix/store/84km0yw64pxhshy43c43ys711vwxpmv0-udev-rules
  /nix/store/w1mda7j6mi0ds1nmfcdg711c74lqfqbj-udisks-2.11.0
  /nix/store/fl6grgv64ziyc3d4q45q3vnnbsslgfaf-udisks-2.11.0-man
  /nix/store/gb84fl9zjhd78kjz6wa085cbjfrir985-upower-1.91.0
  /nix/store/ci0lav1zwlj8mgr83fcigm9pc8fnkrhk-vvenc-1.14.0-lib
  /nix/store/6d8mdzfa12c65rvl5p61sci0hwhqnh2b-w3m-0.5.5
  /nix/store/cjj5cj0bm4p2p8mxfsjakz6qbl2vkk5d-wayland-scanner-1.24.0
  /nix/store/9x30z6c8j0vqnz2yxfiiisqzgr24ayr1-wayland-scanner-1.24.0-bin
  /nix/store/ydyw5cyibh52kha27c47mmiczna27g6h-wayland-scanner-1.24.0-dev
  /nix/store/w60rczrml2wcjamhg25lzfmwdxmlbaw3-wireless-regdb-2025.10.07-zstd
  /nix/store/zvr8by4bm79qpcn7347dfvck313xmr8b-wpa_supplicant-2.11
  /nix/store/hvh98bv0n20ih38haph95naxkg86pfwz-wrap-gapps-hook
  /nix/store/ja1czxh2xbsj0yvif64rcr2rrf4wjyxk-xdg-desktop-portal-1.20.3
  /nix/store/4vsnh7wnll9s448cn4pqfxbiqd2275rj-xdg-desktop-portal-cosmic-1.0.5
  /nix/store/8i6bvb7g4cvr7hp3f378hsyibx13bz50-xdg-desktop-portal-gtk-1.15.3
  /nix/store/adygdzn0h3ifd6qhdlnqfwd971fb945b-xf86-input-libinput-1.5.0
  /nix/store/394xrwb4h0mysvg6vda5ciniy8mdcdjd-xfsprogs-6.17.0
  /nix/store/vjv76h2b7bk41509fp3pkg0p7rgnzdhd-xfsprogs-6.17.0-bin
  /nix/store/6h2jrl9zqp8gywk1cngd1im62jcfng4r-xkb-validated
  /nix/store/qap6wkqxmgsdsqbaygbzy4bhlpm5p8ws-xwayland-24.1.9
  /nix/store/659v0hayawblp2kyy47a20nlx9d71cba-yt-dlp-2026.02.04
  /nix/store/i9q49vk5lkgm615h8pgzzn561jxpry3x-zd1211-firmware-1.5-zstd
  /nix/store/anhqgh20jqazy2h03h97rlv6kcl88qq7-zig-0.15.2
  /nix/store/nrfxnpgn8m6cvcgsdwhix7pd8z27vd7w-zoxide-0.9.9
copying path '/nix/store/wj7hn29sbnbn3h9jd896ffsyq38f3as3-linux-6.18.9' from 'https://cache.nixos.org'...
copying path '/nix/store/6h2jrl9zqp8gywk1cngd1im62jcfng4r-xkb-validated' from 'https://cache.nixos.org'...
copying path '/nix/store/y93s832pwq3y9qjxs1wsl676cxgr9scc-alsa-firmware-1.2.4-zstd' from 'https://cache.nixos.org'...
copying path '/nix/store/wrnarn0nfa1x5k2z704lqpc6n0bgg5zl-bind-9.20.18-man' from 'https://cache.nixos.org'...
copying path '/nix/store/99xhn8mdjgvd8z28znwkp9ln8ry7pyfr-cosmic-wallpapers-1.0.5' from 'https://cache.nixos.org'...
copying path '/nix/store/rzsp0kirhs5r766wzmyhdy5qv0924yjm-dosfstools-4.2-doc' from 'https://cache.nixos.org'...
copying path '/nix/store/cdpfcr5gvvn8hv68874qrsv96r9wnnq9-dosfstools-4.2-man' from 'https://cache.nixos.org'...
copying path '/nix/store/warfb3slacc858l1xk8qa53mbc9qb6g9-fastfetch-2.58.0-man' from 'https://cache.nixos.org'...
copying path '/nix/store/cpw2j29zmh47a6pzmd8ybkirsldjsfyf-ffmpeg-full-8.0.1-man' from 'https://cache.nixos.org'...
copying path '/nix/store/q0pd5g17284m8w3p8bpqmbf99635kl6l-intel2200BGFirmware-3.1-zstd' from 'https://cache.nixos.org'...
copying path '/nix/store/6s21067xscf48ib055bj1ks05sfvr3qb-iputils-20250605-man' from 'https://cache.nixos.org'...
copying path '/nix/store/4bwn217x0qqvyj38b7d17rq3z9p2kp0g-libreelec-dvb-firmware-1.5.0-zstd' from 'https://cache.nixos.org'...
copying path '/nix/store/hxk9q3hr65x9n03p7ni0nijgb45sj1g4-linux-6.18.9-modules' from 'https://cache.nixos.org'...
copying path '/nix/store/yhcbqk5ai4wzmifl8qzrxfla9v6cbc9h-linux-firmware-20260110-zstd' from 'https://cache.nixos.org'...
copying path '/nix/store/cj83z9xkllg9vpf6w92789mvl0mndqq3-micro-2.0.15-man' from 'https://cache.nixos.org'...
copying path '/nix/store/61n8np8n85zdhs2fkbmdg5wrpada97a3-mtools-4.0.49-info' from 'https://cache.nixos.org'...
building '/nix/store/j4hh5qcx1v1hp6llwb4z4dyw00vr2i0d-check-sshd-config.drv'...
building '/nix/store/4114ncv680r3x6z74bssfv1j8dzfnqrg-etc-nix-registry.json.drv'...
building '/nix/store/cjvx6bzcjr396yf2g2ypv31218bf6fkh-etc-os-release.drv'...
building '/nix/store/37xff6y8qj10dkqxw0j1ll5m94f2d055-issue.drv'...
building '/nix/store/amvhnlc3malq37sqnr63f4yqf7ikrn9d-nix.conf.drv'...
building '/nix/store/wx6qf8qq0j1pv26qjbgzwjaxv4gzr9gn-nixos-generate-config.drv'...
building '/nix/store/mzhrywpz602cpvswyz8qicg21hfv4asv-nixos-install.drv'...
building '/nix/store/a2agncd7icqgb243cm7d3yfz3j4i60sz-nixos-version.drv'...
building '/nix/store/2gwhxp061fxgd2jvdk5rx8vabdky954q-unit-getty.target.drv'...
building '/nix/store/4bi4zrclm478ar0k8wlqm7cbbybhbv5q-unit-nix-optimise.service.drv'...
building '/nix/store/rk7kahqmq96sk4j5v1d2irkg5h159vws-catppuccin-grub-0.drv'...
building '/nix/store/mjvy7wgx4rvg8zassag251kxi4x3iwkj-uname.drv'...
building '/nix/store/rsgpsc1zpcf62rar3vrr80vx8yzciiv2-unit-script-nix-gc-start.drv'...
building '/nix/store/7idavjqf340nlvm4nlpmvcy26fp6wf0i-Antigravity.tar.gz.drv'...
building '/nix/store/g1zyk1r7mh2vqw8gg61gqs3fj62m846w-VSCode_1.109.0_linux-x64.tar.gz.drv'...
building '/nix/store/3icy6vnkazqxy6lgdnmag56g4m794571-google-chrome-stable_144.0.7559.132-1_amd64.deb.drv'...
copying path '/nix/store/qkqn7l2l1pp7p5xbbmn2lgy8bs413za9-adw-gtk3-6.4' from 'https://cache.nixos.org'...
copying path '/nix/store/xsfixrqggs0581n6jl7rd7lwbanv40il-bind-9.20.18-lib' from 'https://cache.nixos.org'...
copying path '/nix/store/nmg231nvazf42pkzqzsy603bkws3sqsl-asar-3.2.4' from 'https://cache.nixos.org'...
copying path '/nix/store/9jjn7p9m0ip8mbcbcz8cdarjrhmbcmcf-blueprint-compiler-0.18.0' from 'https://cache.nixos.org'...
copying path '/nix/store/0brvamshakdsm5ddcz6giw72z1fy69vh-cosmic-randr-1.0.5' from 'https://cache.nixos.org'...
copying path '/nix/store/6k35a739bgarmyis1adyssxl1cqkf2xg-cosmic-icons-1.0.5' from 'https://cache.nixos.org'...
copying path '/nix/store/ag8dqxb34isiik2zz84wk0gnj4lvhg2y-cosmic-session-1.0.5' from 'https://cache.nixos.org'...
copying path '/nix/store/6nbggzy700jivlw2x5s4lhjfhp09fx94-cosmic-screenshot-1.0.5' from 'https://cache.nixos.org'...
copying path '/nix/store/rlkw1xw9b6yqlknznrn7wfmcjh995i14-deno-2.6.6' from 'https://cache.nixos.org'...
copying path '/nix/store/ly19xh571fbymi2p9ccn26vn14bz24rs-ddcutil-2.2.5' from 'https://cache.nixos.org'...
copying path '/nix/store/s3hq9ns1a92mz5x0l4f0w56hwj8rblpx-dhcpcd-10.3.0' from 'https://cache.nixos.org'...
copying path '/nix/store/0migcsxiy3v0alpgk8c527mpzzkphbyd-curl-impersonate-1.4.2' from 'https://cache.nixos.org'...
building '/nix/store/jdlfiqhmwmyrdy773d5lnnwypr0q5rm2-ghostty-themes-release-20260126-150817-02c580d.tgz.drv'...
building '/nix/store/9na8hj4xiy3w8dsd8w6q986xavhvj5xx-obsidian-1.11.5.tar.gz.drv'...
building '/nix/store/3y831sil1c4z1rinlx9ja8npcnf8lb05-ticktick-8.0.0-amd64.deb.drv'...
building '/nix/store/sfyp8pk3wp5hwy0irgdhyh4swyj1qgj5-zoom-6.7.2.6498-fhsenv-profile.drv'...
building '/nix/store/7fjfvky2djb2my7ybi7xzkynvjqnn7yi-shutdown-ramfs-contents.json.drv'...
building '/nix/store/84c6p1yrmlnr7j3kr0y246w8471kvbc7-unit-nix-gc.service.drv'...
copying path '/nix/store/zwpr5mb0cva6fhnmzsb010v8fg5aamzb-docker-buildx-0.31.1' from 'https://cache.nixos.org'...
copying path '/nix/store/wx6gxghpbmk05kxffxdvhzmnsrhc241f-docker-runc-29.2.0' from 'https://cache.nixos.org'...
copying path '/nix/store/czmy5krfxczz3znaqpg453g9gqjqa5jc-docker-tini-29.2.0' from 'https://cache.nixos.org'...
copying path '/nix/store/hlyl6x6qqs05ap58iqx940z5dlx9l354-docker-containerd-29.2.0' from 'https://cache.nixos.org'...
copying path '/nix/store/mlr109hl96hy48wi1jq2dypwv557jpcw-dosfstools-4.2' from 'https://cache.nixos.org'...
copying path '/nix/store/saby2yyalakr4q1idq64hmw5xhrbhqg1-electron-unwrapped-38.8.0' from 'https://cache.nixos.org'...
copying path '/nix/store/hj10rv2ccs1qwrnfyafh418n34l4bnf5-exfat-1.4.0' from 'https://cache.nixos.org'...
copying path '/nix/store/iyngbbssdv4pzxnwvm1gl85j5dv4s8ac-espeak-ng-1.52.0.1-unstable-2025-09-09' from 'https://cache.nixos.org'...
building '/nix/store/3sfmb819rj8g7naflv5wxqml603zqvd1-X-Restart-Triggers-nix-daemon.drv'...
building '/nix/store/90aflllljpsdlqvg4j93j4rakdpvi8nv-zoom-6.7.2.6498-fhsenv-rootfs.drv'...
copying path '/nix/store/4y8wlsgph9z5cvkx94zbn7524qkqy6an-bind-9.20.18-host' from 'https://cache.nixos.org'...
copying path '/nix/store/alrjf1gwhzivr7rspfpjkaxk0rx0zxw0-fastfetch-2.58.0' from 'https://cache.nixos.org'...
copying path '/nix/store/wp5620c47prs2xy0zqzhp8aprpx5n760-f2fs-tools-1.16.0-lib' from 'https://cache.nixos.org'...
copying path '/nix/store/nab26j9lsyfkkaplr17w0j9s7w9702vc-ffmpeg-full-8.0.1-data' from 'https://cache.nixos.org'...
copying path '/nix/store/fn0ib8l2r0pq5bbscq80v8nwpg581vxd-fuse-overlayfs-1.16' from 'https://cache.nixos.org'...
building '/nix/store/j6px76hhfvi63h4ib58imvblr5mpds6h-unit-nix-daemon.service.drv'...
copying path '/nix/store/m3l9x15clwv6xz9wz36mnkq3crvsp3zp-glibc-locales-2.42-47' from 'https://cache.nixos.org'...
copying path '/nix/store/firsys79i6fd3bvxygn68fw054l0rzi6-glslang-16.1.0-bin' from 'https://cache.nixos.org'...
copying path '/nix/store/8rz7zzg0rfjbp69pbbalh2iwv9894717-cosmic-settings-1.0.5' from 'https://cache.nixos.org'...
copying path '/nix/store/fjjin901y6pbrblk5xn3k4jzm88ii1xj-gnome-settings-daemon-49.1-gsettings-schemas' from 'https://cache.nixos.org'...
copying path '/nix/store/7pib8cblc1nc8cxijgfx70vblfmqkb91-f2fs-tools-1.16.0' from 'https://cache.nixos.org'...
copying path '/nix/store/qwv6qv1jpi9xhq2py8aqgfdzrc9r03ny-gpm-unstable-2020-06-17' from 'https://cache.nixos.org'...
building '/nix/store/r53yzghspzchwps9nh9lwwn3rkq8787r-ticktick-8.0.0.drv'...
copying path '/nix/store/gi8lzxpif7mpv8z42rl2ahjmk3lx6xkn-gst-plugins-good-1.26.5-dev' from 'https://cache.nixos.org'...
copying path '/nix/store/f6b08p1wlc55yp862j0n77ybl0g57dfn-gstreamer-1.26.5-dev' from 'https://cache.nixos.org'...
copying path '/nix/store/bxdpj50fj34hy7s7vi542cm20b65p1db-gtk4-layer-shell-1.3.0' from 'https://cache.nixos.org'...
copying path '/nix/store/2j6m6073bp19g7jcwd02ffjqdwm1pc45-inih-62' from 'https://cache.nixos.org'...
copying path '/nix/store/waqqm8p6zcj48cv53n7q2b4970pg7b8p-iputils-20250605' from 'https://cache.nixos.org'...
copying path '/nix/store/gyr5yqlar7yl25zlhpk53iqfh2z0s377-jetbrains-mono-2.304' from 'https://cache.nixos.org'...
building '/nix/store/1wzbikx27bhairj3lq97wn0b7568ckcf-source.drv'...
copying path '/nix/store/f4h4gwgxdynlgjsnxj480mwsnpjdhykn-kitty-0.45.0-terminfo' from 'https://cache.nixos.org'...
copying path '/nix/store/b9jjxm5pasa3s4x79mhqw0z8k8yi0k3d-kwallet-6.22.0' from 'https://cache.nixos.org'...
copying path '/nix/store/fasihsi14x3vrlaw9vmy656m6203hlwb-libadwaita-1.8.3-dev' from 'https://cache.nixos.org'...
copying path '/nix/store/msclaibiqsw1y11ycm5sydrivzm72a90-kitty-0.45.0' from 'https://cache.nixos.org'...
copying path '/nix/store/yrrdb215dfafb98pj53rl0g497cvivkq-libatasmart-0.19' from 'https://cache.nixos.org'...
copying path '/nix/store/8ycxg6c5gqagr29n54cfq84rlm55cq0r-libdatachannel-0.24.1' from 'https://cache.nixos.org'...
copying path '/nix/store/9p9284fss90pqdihapcc90cwbambw7pa-gst-plugins-base-1.26.5-dev' from 'https://cache.nixos.org'...
copying path '/nix/store/amilkywzq5vc1da1kg0zispzwxag2x00-libei-1.5.0' from 'https://cache.nixos.org'...
copying path '/nix/store/kg6xhzh36vm7slm19hxd5cgjspyjhhrc-kio-6.22.0' from 'https://cache.nixos.org'...
copying path '/nix/store/3w3r1wn21g2gkzrqzpbgmjnk2np5cgah-libnvme-1.16.1' from 'https://cache.nixos.org'...
copying path '/nix/store/m41vhp2nhkg1i8vgvnrm8kfxd6vgqskw-libwacom-2.18.0' from 'https://cache.nixos.org'...
copying path '/nix/store/kj5vpn3ixp75c5aasni55r0pi0hwicjm-lief-0.17.0' from 'https://cache.nixos.org'...
copying path '/nix/store/jm34qr4na8nfdl05dy1alagf9q7mk5kd-linux-6.18.9-dev' from 'https://cache.nixos.org'...
building '/nix/store/m9v5xm23w73hi084dqxbfixsy7pm5kiz-zoom-6.7.2.6498-bwrap.drv'...
copying path '/nix/store/iy1z856vk4np905gfvi0rfxng5v1khmn-llvm-20.1.8-lib' from 'https://cache.nixos.org'...
copying path '/nix/store/ww89ahj11zzl3dydj44sj5pzgv37jvgb-make-initrd-ng-0.1.0' from 'https://cache.nixos.org'...
copying path '/nix/store/bra0cqfa6hr7qgpvib50lpmqz066v2nk-mdadm-4.4' from 'https://cache.nixos.org'...
copying path '/nix/store/wy8xvqjn24y2hhwp5j483hjdbb869nkf-mesa-25.3.5' from 'https://cache.nixos.org'...
copying path '/nix/store/jqqfwq155z39lz3ncvnssb2ykjrr066d-micro-2.0.15' from 'https://cache.nixos.org'...
copying path '/nix/store/5p2lg9v22q4qvgvnzmlyywin0ljdmda4-mtools-4.0.49' from 'https://cache.nixos.org'...
copying path '/nix/store/8x5vvki5y3rnn0ww1kf5spmc7cgqkv2x-mtools-4.0.49-man' from 'https://cache.nixos.org'...
copying path '/nix/store/80bn913s9f7lngyvpid4078v5ggc7bfs-networkmanager-1.54.3-doc' from 'https://cache.nixos.org'...
copying path '/nix/store/dakriapyf9n95fa6ac2smbpc6i5m7y46-network-manager-applet-1.36.0-man' from 'https://cache.nixos.org'...
building '/nix/store/n3cfz2dlqc36bq1l88vzapx0hplv2va3-dconf-system-config.drv'...
building '/nix/store/1mqsir9zvwycj1lr3liz5v49akbaz9iq-desktops.drv'...
copying path '/nix/store/d2gyb564hlzwrabzkhlrl10s9xm6ry48-gtk4-layer-shell-1.3.0-dev' from 'https://cache.nixos.org'...
copying path '/nix/store/l0ibw4jn44kb4pm14m96zxvh81904dyi-libinput-1.29.2' from 'https://cache.nixos.org'...
copying path '/nix/store/khpx8viywsbrljp5gl371x1kjyznilff-libreoffice-kde-dependencies-25.2.6.2' from 'https://cache.nixos.org'...
copying path '/nix/store/xwf2p1nxvrba09snrq4crdg7jm8yb163-networkmanager-1.54.3-man' from 'https://cache.nixos.org'...
copying path '/nix/store/2c03mjyz9fjnjr49xyzcb42mllf759qj-nftables-1.1.6' from 'https://cache.nixos.org'...
building '/nix/store/fg0bh87rx26p1x7zs4smpwffai18d1a2-etc-systemd-system.conf.drv'...
building '/nix/store/npfvc976lpl7rnybp287999jkgpmsxq8-grub-config.xml.drv'...
building '/nix/store/l7i0vlk29312cfd1d8xg54y53qz83rd1-unit-generate-shutdown-ramfs.service.drv'...
building '/nix/store/07lh44l9cyhw9lqqpvjarv44xlv2gajf-unit-systemd-fsck-.service.drv'...
building '/nix/store/143skf9457hycplpmnqkj870hqnwj1b9-unit-systemd-makefs-.service.drv'...
building '/nix/store/3d853fga0vz58l7hk5jg84knac4gfdjh-zoom-6.7.2.6498.drv'...
copying path '/nix/store/hbd3ykm866gx3iqq2b9b8p3n1vhqjzsn-nilfs-utils-2.2.12' from 'https://cache.nixos.org'...
copying path '/nix/store/zpmjj06r4k9qxnarxn5pdgmix755kmcg-nix-manual-2.31.3' from 'https://cache.nixos.org'...
copying path '/nix/store/s0gv5sm2niyny0z3mjgg086kbqs3bhq0-nix-manual-2.31.3-man' from 'https://cache.nixos.org'...
building '/nix/store/8z1fs4mn5maapg3mz2cpy37bds2crf3d-install-grub.sh.drv'...
copying path '/nix/store/psdfs2b0k9axx9g6xpgyqcznqvsd96ia-nixos-configuration-reference-manpage' from 'https://cache.nixos.org'...
copying path '/nix/store/sm3qlvf4xh2vb0ylsrnmisa6sd4j3n7z-nixos-manual-html' from 'https://cache.nixos.org'...
copying path '/nix/store/rc8a4y41zhlv7zv5nimnqpcayhhcj7fd-dnsmasq-2.92' from 'https://cache.nixos.org'...
copying path '/nix/store/ixqs1yh5gdlv79m81zpn39darylq6yb0-nixos-option' from 'https://cache.nixos.org'...
copying path '/nix/store/x7mahrb2pll9cnzr495i0bvm3ga2n5a8-nodejs-25.6.0' from 'https://cache.nixos.org'...
copying path '/nix/store/cc13wyz7fr3p07cggh5lmmg131x6a2b0-libreoffice-25.2.6.2' from 'https://cache.nixos.org'...
copying path '/nix/store/jbbrd9aimadwv8cladqikihf9lb9dl2y-nix-2.31.3-man' from 'https://cache.nixos.org'...
copying path '/nix/store/adsn0nyh9lqlc8gpfa8vns8nch0m20vf-noto-fonts-2026.02.01' from 'https://cache.nixos.org'...
copying path '/nix/store/64dgnadlpiw1dbqigpnv1icp7shb8c18-nix-2.31.3-doc' from 'https://cache.nixos.org'...
copying path '/nix/store/7cj8f0dxxqdj5jpjzzw1lkj6gn4rbw44-nvidia-container-toolkit-1.18.2' from 'https://cache.nixos.org'...
copying path '/nix/store/j7dgrckmsv14cm2qclb1db8sxv9h4kcf-nvidia-container-toolkit-1.18.2-tools' from 'https://cache.nixos.org'...
copying path '/nix/store/h8rpklzqr8qyihgysqkqgigbxdh5w7di-nvidia-vaapi-driver-0.0.15' from 'https://cache.nixos.org'...
copying path '/nix/store/4nfafwzryn2zjrxfwqw92wikr12zdcr6-oniguruma-6.9.10' from 'https://cache.nixos.org'...
copying path '/nix/store/dhs3gy50nkpapa1px9skf35vbaphxbcp-networkmanager-1.54.3' from 'https://cache.nixos.org'...
copying path '/nix/store/lj33h5zd88v09kf5f9drb7wygd732bnk-oniguruma-6.9.10-dev' from 'https://cache.nixos.org'...
copying path '/nix/store/8lzhfhsgp6i6yl024b60jwg0fml93pxg-onlyoffice-desktopeditors-9.1.0-fhsenv-profile' from 'https://cache.nixos.org'...
copying path '/nix/store/2shc6mar9wz6nkv8wd1jc1izxgvyf3sb-opencv-4.13.0' from 'https://cache.nixos.org'...
copying path '/nix/store/f9j30snhr4793vhzx7kzyld0c55i22ak-ostree-2025.7' from 'https://cache.nixos.org'...
copying path '/nix/store/qln9gml169c4dxixm1d5pxkw0g1km46x-onlyoffice-desktopeditors-9.1.0-fhsenv-rootfs' from 'https://cache.nixos.org'...
copying path '/nix/store/w986cmmrz5cb55fvkkfq67fjf4azlybi-flatpak-1.16.2' from 'https://cache.nixos.org'...
building '/nix/store/i71l61abzx4gdj2zhr61y68fscv378n0-font-dirs.drv'...
copying path '/nix/store/v2fwaavi61350ksik3g4k8l161jgsyan-pandoc-3.7.0.2-data' from 'https://cache.nixos.org'...
copying path '/nix/store/2z49xd7b993h6qx71y335zr0s3l5klrp-electron-38.8.0' from 'https://cache.nixos.org'...
building '/nix/store/ijy7hw51dgj64lmkrwn44yy3h44bxd83-fc-cache.drv'...
copying path '/nix/store/bcw1ns9fhw1mfvkp6mm4hxkxl57gn4pc-pandoc-cli-3.7.0.2' from 'https://cache.nixos.org'...
copying path '/nix/store/8hysxlvngjz00yclka81hiqjmmrvyi2i-parted-3.6' from 'https://cache.nixos.org'...
building '/nix/store/4hyv3j1lvvwks2wglc9fcjh5ws6wkkqg-obsidian-1.11.5.drv'...
copying path '/nix/store/628a3wjk7xcm5j5xkva32w5yrmzhkirx-pop-gtk-theme-2021-08-19' from 'https://cache.nixos.org'...
copying path '/nix/store/v3vazwq58312izpw88pqp4h2pn2sjbx6-portmidi-2.0.8' from 'https://cache.nixos.org'...
building '/nix/store/3w4510j1g34fygqy8whd2slcndx14wr5-unit-script-vscode-remote-workaround-start.drv'...
building '/nix/store/102b8i4k3wwbqcd2b5plmpqadg53jmcd-unit-vscode-remote-workaround.service.drv'...
copying path '/nix/store/31c3dzrrw51ax36iagwhp4n7ldl45rw6-python3.13-curl-cffi-0.14.0' from 'https://cache.nixos.org'...
building '/nix/store/fx03vq9vnbcy3r36zvarai67bxkx6lzb-onlyoffice-desktopeditors-9.1.0-bwrap.drv'...
copying path '/nix/store/xksfbgrzmd63irsparv3iy3m6j7hmx7p-python3.13-yt-dlp-ejs-0.4.0' from 'https://cache.nixos.org'...
copying path '/nix/store/kka72is22r657fhqzayygg1hs68cwks9-rt5677-firmware-4.16-10-zstd' from 'https://cache.nixos.org'...
building '/nix/store/zfpx2r89f9c5jhysacic2h4g6jihyx3v-onlyoffice-desktopeditors-9.1.0.drv'...
copying path '/nix/store/2k99wi28z965204fcg797gvzmn5d85f6-rtl8192su-firmware-0-unstable-2016-10-05-zstd' from 'https://cache.nixos.org'...
copying path '/nix/store/25wdnncv7wariv3izskjri3pbxsnf20p-rtl8761b-firmware-rtk1395-zstd' from 'https://cache.nixos.org'...
copying path '/nix/store/447ijphfsa10mb1w8afkj1k1n14y5lra-slirp4netns-1.3.3' from 'https://cache.nixos.org'...
copying path '/nix/store/f1k9ii7pgbcny6l9w9jj203wavcjvlay-audacity-3.7.7' from 'https://cache.nixos.org'...
copying path '/nix/store/80k0cp23d0ql5xfzgasjdrm0dzwm29ja-sof-firmware-2025.05.1-zstd' from 'https://cache.nixos.org'...
copying path '/nix/store/47h9rpyfxpaypzqrvsj0s6j7h9kdydy7-speech-dispatcher-0.12.1' from 'https://cache.nixos.org'...
copying path '/nix/store/508mbjmcfj05kmwnm9f3q8sr5k8vcd71-spirv-cross-1.4.335.0' from 'https://cache.nixos.org'...
building '/nix/store/v0d1ph8477xnyngvkmwnrxk8fvz0mr4y-fc-00-nixos-cache.conf.drv'...
building '/nix/store/7ynbh2jvdffy965mw9sjc5bg0cnakma9-fontconfig-conf.drv'...
copying path '/nix/store/87bfjvlbpmvnaxfgdbqbxn2b6z2acqx5-cosmic-settings-daemon-1.0.5' from 'https://cache.nixos.org'...
building '/nix/store/w96ic4byr3r7kwbfsdm0nixjqjfmkw3f-fontconfig-etc.drv'...
copying path '/nix/store/q7w2ccm8xzv6j0fy4yivn50bh3gx95ic-frei0r-plugins-2.5.1' from 'https://cache.nixos.org'...
copying path '/nix/store/z1m22r489ahmsivmhnrdg9wj5sq0w3vl-libnma-1.10.6' from 'https://cache.nixos.org'...
copying path '/nix/store/gb8pa55w7dxgyi1arwq6fi0f21c8srhp-spirv-headers-1.4.335.0' from 'https://cache.nixos.org'...
copying path '/nix/store/vi5q7p4sdbxllzcxla7jw54jk5zj7l44-network-manager-applet-1.36.0' from 'https://cache.nixos.org'...
copying path '/nix/store/isf2a3v7s5cyyb9vmaa5gaz9paaxam1b-spirv-tools-1.4.335.0' from 'https://cache.nixos.org'...
copying path '/nix/store/agp7zxys3l9mhxak51rgyccwyq45a746-tailscale-1.94.1' from 'https://cache.nixos.org'...
copying path '/nix/store/mrv5117nz8sl1ld30za6xzp9yn2jwzdp-talloc-2.4.3' from 'https://cache.nixos.org'...
copying path '/nix/store/jpvrqxn8swnqpgysqjxbrzggzjbdd1jj-tdb-1.4.15' from 'https://cache.nixos.org'...
copying path '/nix/store/sx1lc3kpq6rid9hi700z2dhd0yxqdr8b-tevent-0.17.1' from 'https://cache.nixos.org'...
copying path '/nix/store/2smwywzcgq11nrss89adj594sx9vfjbh-thin-provisioning-tools-1.3.1' from 'https://cache.nixos.org'...
copying path '/nix/store/4xrkj4vfybpz78d435i39vni4brc6c9s-samba-4.22.7' from 'https://cache.nixos.org'...
copying path '/nix/store/bngkdl7diylr96yy7c02nr74dq9hvv7a-libblockdev-3.4.0' from 'https://cache.nixos.org'...
copying path '/nix/store/0l7avprwmsdrhcf820aqhl0fia8vhr04-glslang-16.1.0-dev' from 'https://cache.nixos.org'...
copying path '/nix/store/h47kv5kd1sngmqac3yi7nas2cpx7r97j-thunderbird-unwrapped-147.0.1' from 'https://cache.nixos.org'...
building '/nix/store/ngj937a1vv85g5nyjani8vmbdrrqbhij-1password-cli-2.33.0-beta.01.drv'...
copying path '/nix/store/mzq8x6g0m1s3fha79k3nwk8dq908v2yn-time-1.9' from 'https://cache.nixos.org'...
copying path '/nix/store/1hh68amc13jg85zan5h4m3m2g5a038x6-ffmpeg-full-8.0.1-doc' from 'https://cache.nixos.org'...
copying path '/nix/store/3lrx2qv5kzycjypxaq6c8zk5z6k6j0g8-time-1.9-info' from 'https://cache.nixos.org'...
copying path '/nix/store/77sar74kxvv1w0vjb6ckcyy6b1yfgaab-uavs3d-1.1-unstable-2025-12-13' from 'https://cache.nixos.org'...
copying path '/nix/store/84km0yw64pxhshy43c43ys711vwxpmv0-udev-rules' from 'https://cache.nixos.org'...
building '/nix/store/9zsiadlyjsjaay1n8dpmv4vkwj0i1iaq-ensure-all-wrappers-paths-exist.drv'...
building '/nix/store/ari9aanxwimlfd6pgli07ivx48j2qvsi-security-wrapper-op-x86_64-unknown-linux-musl.drv'...
copying path '/nix/store/fl6grgv64ziyc3d4q45q3vnnbsslgfaf-udisks-2.11.0-man' from 'https://cache.nixos.org'...
copying path '/nix/store/gb84fl9zjhd78kjz6wa085cbjfrir985-upower-1.91.0' from 'https://cache.nixos.org'...
copying path '/nix/store/ci0lav1zwlj8mgr83fcigm9pc8fnkrhk-vvenc-1.14.0-lib' from 'https://cache.nixos.org'...
copying path '/nix/store/6d8mdzfa12c65rvl5p61sci0hwhqnh2b-w3m-0.5.5' from 'https://cache.nixos.org'...
copying path '/nix/store/cjj5cj0bm4p2p8mxfsjakz6qbl2vkk5d-wayland-scanner-1.24.0' from 'https://cache.nixos.org'...
building '/nix/store/xy0sqd6lhy29c9ynczwjjkz1q4j4s9gm-stage-1-init.sh.drv'...
copying path '/nix/store/vx0k9hr0557c8fwn85qhfqihzml1rrl0-libvlc-3.0.23-2' from 'https://cache.nixos.org'...
copying path '/nix/store/9x30z6c8j0vqnz2yxfiiisqzgr24ayr1-wayland-scanner-1.24.0-bin' from 'https://cache.nixos.org'...
copying path '/nix/store/w60rczrml2wcjamhg25lzfmwdxmlbaw3-wireless-regdb-2025.10.07-zstd' from 'https://cache.nixos.org'...
copying path '/nix/store/llgca56wjffwhciw5f2a9ffqljx0l727-power-profiles-daemon-0.30' from 'https://cache.nixos.org'...
building '/nix/store/rdy22byk5awvf3r36095b4hbibx5dns7-nixos-help.drv'...
copying path '/nix/store/zvr8by4bm79qpcn7347dfvck313xmr8b-wpa_supplicant-2.11' from 'https://cache.nixos.org'...
copying path '/nix/store/hvh98bv0n20ih38haph95naxkg86pfwz-wrap-gapps-hook' from 'https://cache.nixos.org'...
copying path '/nix/store/ja1czxh2xbsj0yvif64rcr2rrf4wjyxk-xdg-desktop-portal-1.20.3' from 'https://cache.nixos.org'...
building '/nix/store/9l9dc443q0hg5iw51b5zfxp7w3ax8wwv-nixos-help.drv'...
building '/nix/store/6jdd3nxyby3ya4gpwn6gjy9f17cjajyx-unit-script-suid-sgid-wrappers-start.drv'...
copying path '/nix/store/8i6bvb7g4cvr7hp3f378hsyibx13bz50-xdg-desktop-portal-gtk-1.15.3' from 'https://cache.nixos.org'...
copying path '/nix/store/ydyw5cyibh52kha27c47mmiczna27g6h-wayland-scanner-1.24.0-dev' from 'https://cache.nixos.org'...
building '/nix/store/fr14857szf1fsya9pn9ikf7np3fn9ljc-unit-suid-sgid-wrappers.service.drv'...
copying path '/nix/store/nnybklyvnbr4904100nbjmv4rcxcas4j-ffmpeg-full-8.0.1-lib' from 'https://cache.nixos.org'...
copying path '/nix/store/adygdzn0h3ifd6qhdlnqfwd971fb945b-xf86-input-libinput-1.5.0' from 'https://cache.nixos.org'...
copying path '/nix/store/394xrwb4h0mysvg6vda5ciniy8mdcdjd-xfsprogs-6.17.0' from 'https://cache.nixos.org'...
copying path '/nix/store/qap6wkqxmgsdsqbaygbzy4bhlpm5p8ws-xwayland-24.1.9' from 'https://cache.nixos.org'...
copying path '/nix/store/vjv76h2b7bk41509fp3pkg0p7rgnzdhd-xfsprogs-6.17.0-bin' from 'https://cache.nixos.org'...
building '/nix/store/iqlcys0d1yslyfjxw3gpfk4gjbppqvn3-unit-wpa_supplicant.service.drv'...
copying path '/nix/store/659v0hayawblp2kyy47a20nlx9d71cba-yt-dlp-2026.02.04' from 'https://cache.nixos.org'...
copying path '/nix/store/i9q49vk5lkgm615h8pgzzn561jxpry3x-zd1211-firmware-1.5-zstd' from 'https://cache.nixos.org'...
copying path '/nix/store/9yawzw0ih3nf5nsisbzypk0mh513dr1w-obs-studio-32.0.4' from 'https://cache.nixos.org'...
copying path '/nix/store/i6v7ncr4xrkiyzanq77psidq8wr1zl4n-moby-29.2.0' from 'https://cache.nixos.org'...
copying path '/nix/store/w1mda7j6mi0ds1nmfcdg711c74lqfqbj-udisks-2.11.0' from 'https://cache.nixos.org'...
copying path '/nix/store/nrfxnpgn8m6cvcgsdwhix7pd8z27vd7w-zoxide-0.9.9' from 'https://cache.nixos.org'...
building '/nix/store/v5yqsw5gda28viqpamff5hsajanzvpgd-hwdb.bin.drv'...
building '/nix/store/rk845r7xcn9r2n9cl0hd92vbfa7615v2-udev-rules.drv'...
copying path '/nix/store/vmqp81fwjvi2hgr0n31a14hki1jrn8f9-gvfs-1.58.1' from 'https://cache.nixos.org'...
building '/nix/store/2s0m0ly24xrh552vyq857h1ywslwywgh-mpv-with-scripts-0.41.0.drv'...
copying path '/nix/store/z3ln8mc8kk1jwjfs03paicvkn4dqfqk6-gnome-online-accounts-3.56.3' from 'https://cache.nixos.org'...
copying path '/nix/store/jdm55bqj4hgj1g4091fsn6rsfdi9bg4f-libmsgraph-0.3.4' from 'https://cache.nixos.org'...
copying path '/nix/store/xvkfhgvm1zp335a9nik1f1rbh2666ywc-gvfs-1.58.1' from 'https://cache.nixos.org'...
building '/nix/store/dqbd5qjphjli92k049bsaw5f1wag7gcq-X-Restart-Triggers-systemd-udevd.drv'...
building '/nix/store/ssah9my7x0dbqx6794rj5jndk7nzhqrl-etc-pam-environment.drv'...
building '/nix/store/vl956dbx3n9vq9i1952j1sg4s7zdlzm1-set-environment.drv'...
building '/nix/store/1bshz2kjy4il5lyskkndmgf7qprf5xyv-unit-systemd-udevd.service.drv'...
building '/nix/store/1d9m4wijm41mh52n85svhm0jz2pqiby5-etc-profile.drv'...
building '/nix/store/9qwkz7bsnzjw1yc9kngnnybyi0wzbbnr-etc-zshenv.drv'...
building '/nix/store/4pyxnss6mfgwh4qzys265p9wkbpyvawx-antigravity-1.15.8.drv'...
copying path '/nix/store/q8r9s6bxqk36d2k91hkj33xy6jma0axj-cosmic-fallback-themes' from 'https://cache.nixos.org'...
building '/nix/store/57l4mylxv41qzai0zcyxiszikn9lrrw1-google-chrome-144.0.7559.132.drv'...
copying path '/nix/store/yb4y9c0nzj6h2bvsawncnk8hfixcvr5j-cosmic-applets-1.0.5' from 'https://cache.nixos.org'...
copying path '/nix/store/5kqc90vl8j58c94wra1av1g0rn45cmbr-cosmic-applibrary-1.0.5' from 'https://cache.nixos.org'...
copying path '/nix/store/4l1qf0s7jwyrq8clmppz8if2b1nlwn6p-cosmic-edit-1.0.5' from 'https://cache.nixos.org'...
copying path '/nix/store/ljy2pdqybr9ri68rsvsrnvqy7m7j7kv4-cosmic-comp-1.0.5' from 'https://cache.nixos.org'...
copying path '/nix/store/g2zncn2yxb9fa3fkw5jid8hgxc8n0djc-cosmic-bg-1.0.5' from 'https://cache.nixos.org'...
copying path '/nix/store/bvxz07cwgf0bf4n70165lh9zsprb7mkf-cosmic-files-1.0.5' from 'https://cache.nixos.org'...
copying path '/nix/store/dmfqbxjkzw089fxs70zsjsbk4jbnfnm0-cosmic-greeter-1.0.5' from 'https://cache.nixos.org'...
copying path '/nix/store/3lxmvb4wdc8n2gsqjp7k2dia5ynkrg31-cosmic-idle-1.0.5' from 'https://cache.nixos.org'...
copying path '/nix/store/ny1k0rwbml78i2na0nqb1s9awys24mb9-cosmic-initial-setup-1.0.5' from 'https://cache.nixos.org'...
copying path '/nix/store/1k7zpjk8s0vqlf5ldsnisj5pv8l0c41d-cosmic-launcher-1.0.5' from 'https://cache.nixos.org'...
copying path '/nix/store/dp0ya8xnsv5cvfpn7lw5nyb9z9w3f5i5-cosmic-notifications-1.0.5' from 'https://cache.nixos.org'...
copying path '/nix/store/ydqg15ijqpjq2cvh9qga76f2s1waarjj-cosmic-osd-1.0.5' from 'https://cache.nixos.org'...
copying path '/nix/store/8bc7lvi096kmkxvfdv4wdxvv19p2arpq-cosmic-panel-1.0.5' from 'https://cache.nixos.org'...
building '/nix/store/55y4853nlvrw7rczgz4ap1iw8xakj9hg-vscode-1.109.0.drv'...
copying path '/nix/store/kqfhffkg5h2l3gwvb7lh3ff4z571n5nx-cosmic-player-1.0.5' from 'https://cache.nixos.org'...
copying path '/nix/store/3h1nzsjanxxjjyzh355zlwxzzmgdjpc3-cosmic-reader-0-unstable-2026-01-31' from 'https://cache.nixos.org'...
copying path '/nix/store/7irgxn8w1bz8dwvgy7zqwf1b34d8r4lh-cosmic-term-1.0.5' from 'https://cache.nixos.org'...
copying path '/nix/store/j2d43b6v8cngv32gldic2c413s4lfb51-cosmic-workspaces-epoch-1.0.5' from 'https://cache.nixos.org'...
copying path '/nix/store/ddqycgcsyjgyplyxh8cshj0gbanwq9zj-docker-29.2.0' from 'https://cache.nixos.org'...
copying path '/nix/store/m0xjwd9kac2a0lf4f406h68dsr4x60x9-ffmpeg-full-8.0.1-bin' from 'https://cache.nixos.org'...
copying path '/nix/store/4vsnh7wnll9s448cn4pqfxbiqd2275rj-xdg-desktop-portal-cosmic-1.0.5' from 'https://cache.nixos.org'...
copying path '/nix/store/zw0vgm37asflf5h4hjjgzxh4bh9pvxdx-greetd.toml' from 'https://cache.nixos.org'...
building '/nix/store/bbgdcnwqgrpsi836mqs1h48zhx5aqbk5-unit-cosmic-greeter-daemon.service.drv'...
building '/nix/store/hz0j40p3n49i12w7rlbs2igs2k6xwwpr-unit-greetd.service.drv'...
copying path '/nix/store/anhqgh20jqazy2h03h97rlv6kcl88qq7-zig-0.15.2' from 'https://cache.nixos.org'...
building '/nix/store/g7ljy294g671zp59pls19m90s56dqjwg-unit-docker-prune.service.drv'...
building '/nix/store/595kw43qsxilws7mdshq7wka08r8chgq-unit-docker.service.drv'...
building '/nix/store/k4cyqmkl9bmphkyq7g175602r6wnga9p-bindings.drv'...
building '/nix/store/zf546kn44n78pp79x8yfswqi1zpavajq-breakpad.drv'...
building '/nix/store/5bx4ld2x74mwnzxjkzaran8a6s591gyw-fontconfig.drv'...
building '/nix/store/g4cvsjk36ijlb6h9mi2zyfln5ldxxyri-freetype.drv'...
building '/nix/store/hg5d9j0vkgqzl8frkgx1qp7nfc1rx3fv-gettext.drv'...
building '/nix/store/41s8kg6a0p0a6fgshk7sm32xf85jc9i3-glslang.drv'...
building '/nix/store/fv2bsb9zi0fqf9ykviri9fbgarb71h22-gobject.drv'...
building '/nix/store/fzvqyz1yrcxycn4x9mzir0kh60f8pvxa-gtk4_layer_shell.drv'...
building '/nix/store/7yj9kcafz9gvb9myqy8kcqjz6n1jscyk-harfbuzz.drv'...
building '/nix/store/agwvym1qfg4hp4s51f14qxyl2iz9bl5k-highway.drv'...
building '/nix/store/wg968v87dl2fqylcy5qhkzp6ynkip6mw-imgui.drv'...
building '/nix/store/avsnzl8blb6pszj1wlabqinafcc5vy88-iterm2_themes.drv'...
building '/nix/store/pg63rpqqyw5nq8prw5d3vrcbsqc8z0ig-jetbrains_mono.drv'...
building '/nix/store/xgfvm4w9dxw97vnmbns6x8fb52cxfmqj-libpng.drv'...
building '/nix/store/ww3sihaxmk7jqqnn53x43xixsf9slryi-libxev.drv'...
building '/nix/store/vvjk46rrw8fb37670j885yib5r6a6zc9-libxml2.drv'...
building '/nix/store/iiix6y8n95693k2ykikwynr070zcqpkn-nerd_fonts_symbols_only.drv'...
building '/nix/store/47k0m6glv2yrjnjnz1n58j6zjnxb753f-oniguruma.drv'...
building '/nix/store/r3wjjqs8scv0psm4wnbvx9a3z8ffj8gd-pixels.drv'...
building '/nix/store/689g58hyn45fpq5mvn9wq6nrfs41a9hx-plasma_wayland_protocols.drv'...
building '/nix/store/gmi688c568hpks09708pfilkvp9fxmji-sentry.drv'...
building '/nix/store/m3wrvyl3kziwdcgbpcyg3pwlxpf985p3-spirv_cross.drv'...
building '/nix/store/jd6q83bfjhav1c332vf44k2nmm2bh8jd-utfcpp.drv'...
building '/nix/store/01n3z7gmhs2b9apsxcl26w5z6728c2ap-uucode.drv'...
building '/nix/store/vm9144f7z94rw3pg6kcg6k9b9491nfbs-vaxis.drv'...
building '/nix/store/fhpdx57lplq0falh59pl8vshvp61ydl5-wayland.drv'...
building '/nix/store/0fm65z647jzm2wzjmrrhwxmapm10qffx-wayland_protocols.drv'...
building '/nix/store/g74g73wb6sk8qgndhva86lv1jnm7xj30-wuffs.drv'...
building '/nix/store/1jbhlnk24ap9ln82n0p08ajkrq84ds4z-z2d.drv'...
building '/nix/store/divnr213s79d0pi1jqakhq53g64jcv99-zf.drv'...
building '/nix/store/lz5qb7sgf0n6903s2s058q6bycaxddr7-zig_js.drv'...
building '/nix/store/fwdv821bry0pzbk4pp8c9f3hiqrf70nb-zig_objc.drv'...
building '/nix/store/wic9853y5nj4v5py1y6l0r0h4c0b12wv-zig_wayland.drv'...
building '/nix/store/bcbbkimryvv1dy5zbqj1k57jy0jinypg-zigimg.drv'...
building '/nix/store/8z5b8m2646jj4awcrnlkyy38yqjwnm5m-zlib.drv'...
building '/nix/store/fyqyzlkqb9i6ij1ndjf79nf23g8m7l2s-system-generators.drv'...
building '/nix/store/gb8pkmplfdlwqa9xy37lzc7qdl4fj012-system-shutdown.drv'...
building '/nix/store/l7iciqp5pg7sdyc5f9vxgjp9bq7vynri-user-generators.drv'...
building '/nix/store/i0irk35m982sgdy6xha1x9yhhk1hil5y-ghostty-cache-1.3.0-dev.drv'...
building '/nix/store/nwb41944h3ks05qlx25b2jr6a4l16q5r-ghostty-1.3.0-dev.drv'...
building '/nix/store/v71rq41gd3q5dj06a4skgwyhjr1yj9kv-thunderbird-147.0.1.drv'...
building '/nix/store/4zhpknqh4wzw8ag9gikd2m9jhn3avmyy-nvidia-x11-590.48.01-6.18.9.drv'...
building '/nix/store/d9rzajl7gcr0cjms211p6j2ap3xgvac4-firmware.drv'...
building '/nix/store/g6kl0hgjfp45m3ynawzxwjrm5yq3cw3h-graphics-drivers.drv'...
building '/nix/store/isf3cm8pa5rp68vy020mqpisliq50jhq-linux-6.18.9-modules.drv'...
building '/nix/store/dpxj3sjzc5w2nl924j4d101kc8g46vy0-nvidia-cdi-generator.drv'...
building '/nix/store/15w8r01ly5yynvxk1h4541rva9ich57l-nvidia-settings-590.48.01.drv'...
building '/nix/store/b7m4d56ppzhn4dsphgdkd2abgy1jy99r-unit-nvidia-container-toolkit-cdi-generator.service.drv'...
building '/nix/store/lbwd3if7y40j92dwzrkwcybrj7w517gk-etc-modprobe.d-firmware.conf.drv'...
building '/nix/store/djknn9kmcamzjbw6wccnw16jvnz1r679-graphics-driver.conf.drv'...
building '/nix/store/9wrvxvn4y7ngagn09kvnhgk3pz2665yw-tmpfiles.d.drv'...
building '/nix/store/x3im7s03skr4zzpp4r14rr9qjr63alls-X-Restart-Triggers-systemd-tmpfiles-resetup.drv'...
building '/nix/store/ibs98d5ii83axhsj7fzvixnqnmj1pxdc-unit-systemd-tmpfiles-resetup.service.drv'...
building '/nix/store/ny5na3n2niljw8iznqmidrjacpdw06ck-linux-6.18.9-modules-shrunk.drv'...
building '/nix/store/v4qfyaj35np30mwgg9mja711akzj8m0a-closure-info.drv'...
building '/nix/store/ni8nyjqhqlbdzyfcz291qd7zgq65mpnh-initrd-linux-6.18.9.drv'...
building '/nix/store/yl6bg0pj0blb0lg2igi494cs49155j5g-boot.json.drv'...
copying path '/nix/store/as1mj76x2nnmfbkc12y43sivmvibv1b5-libreoffice-25.2.6.2-wrapped' from 'https://cache.nixos.org'...
building '/nix/store/dvafp0kixrwpwcshvm57pp6dwgv32wi8-system-path.drv'...
building '/nix/store/06ks0fsk1jkyqy7pv2392vqzaw9prqk6-X-Restart-Triggers-polkit.drv'...
building '/nix/store/8msnac7z8cpvvgnn9ir9mx2d4avx4xis-dbus-1.drv'...
building '/nix/store/as3bwgcm9vip96hc6rjps5hvpvv93nrv-unit-accounts-daemon.service.drv'...
building '/nix/store/p5n3nmin1znkpqzs2mlk4yb13h5gd6im-X-Restart-Triggers-dbus.drv'...
building '/nix/store/20bhn1g1lfd025aij5j2nny3qndxcz1c-unit-polkit.service.drv'...
building '/nix/store/f4rpl0n7f227d75xa0caz8h7qzxi2d4x-unit-dbus.service.drv'...
building '/nix/store/l168a552i6dw0mzak9adymir11fkwkma-unit-dbus.service.drv'...
building '/nix/store/l9w86qms4464gpsgizszf063239c00mr-system-units.drv'...
building '/nix/store/v12j7z99jmsxcpx5ykga2z638j632y9g-user-units.drv'...
building '/nix/store/xif3j1l27a06v1p8g77mz2bhhb8yc82p-etc.drv'...
building '/nix/store/kmszn121s574pj5nbqps18b6sl58hida-activate.drv'...
building '/nix/store/ibgdhnv0aikk9hj8fcn08w872nna5mh9-nixos-system-lighthouse-26.05.20260208.d6c7193.drv'...
Checking switch inhibitors... done
updating GRUB 2 menu...
Warning: os-prober will be executed to detect other bootable partitions.
Its output will be used to detect bootable binaries on them and create new boot entries.
lsblk: /dev/mapper/no*[0-9]: not a block device
lsblk: /dev/mapper/raid*[0-9]: not a block device
lsblk: /dev/mapper/disks*[0-9]: not a block device
Found Windows Boot Manager on /dev/nvme0n1p1@/efi/Microsoft/Boot/bootmgfw.efi
stopping the following units: accounts-daemon.service, cosmic-greeter-daemon.service, docker.service, docker.socket, NetworkManager-wait-online.service, NetworkManager.service, nvidia-container-toolkit-cdi-generator.service, power-profiles-daemon.service, udisks2.service, upower.service
NOT restarting the following changed units: greetd.service, systemd-fsck@dev-disk-by\x2duuid-E93D\x2dB986.service
activating the configuration...
setting up /etc...
restarting systemd...
reloading user units for kirill...
restarting sysinit-reactivation.target
reloading the following units: dbus.service
restarting the following units: nix-daemon.service, polkit.service, systemd-udevd.service, tailscaled.service, wpa_supplicant.service
starting the following units: accounts-daemon.service, cosmic-greeter-daemon.service, docker.socket, NetworkManager-wait-online.service, NetworkManager.service, nvidia-container-toolkit-cdi-generator.service, power-profiles-daemon.service, udisks2.service, upower.service
the following new units were started: NetworkManager-dispatcher.service, run-docker-netns-d4099721e82d.mount, sys-devices-virtual-net-vethcb8a356.device, sys-subsystem-net-devices-vethcb8a356.device, sysinit-reactivation.target, systemd-hostnamed.service, systemd-tmpfiles-resetup.service
Done. The new configuration is /nix/store/r0628yxzilbbknvh3wf0smaqj0ykapn4-nixos-system-lighthouse-26.05.20260208.d6c7193
